   1              	 .cpu cortex-m0
   2              	 .fpu softvfp
   3              	 .eabi_attribute 20,1
   4              	 .eabi_attribute 21,1
   5              	 .eabi_attribute 23,3
   6              	 .eabi_attribute 24,1
   7              	 .eabi_attribute 25,1
   8              	 .eabi_attribute 26,1
   9              	 .eabi_attribute 30,4
  10              	 .eabi_attribute 34,0
  11              	 .eabi_attribute 18,4
  12              	 .code 16
  13              	 .file "global_can.c"
  14              	 .section .text.GLOBAL_CAN_GetAppVersion,"ax",%progbits
  15              	 .align 1
  16              	 .global GLOBAL_CAN_GetAppVersion
  17              	 .code 16
  18              	 .thumb_func
  20              	GLOBAL_CAN_GetAppVersion:
  21 0000 0148     	 ldr r0,.L2
  22 0002 82B0     	 sub sp,sp,#8
  23 0004 02B0     	 add sp,sp,#8
  24              	 
  25 0006 7047     	 bx lr
  26              	.L3:
  27              	 .align 2
  28              	.L2:
  29 0008 04001400 	 .word 1310724
  31              	 .section .text.GLOBAL_CAN_Init,"ax",%progbits
  32              	 .align 1
  33              	 .global GLOBAL_CAN_Init
  34              	 .code 16
  35              	 .thumb_func
  37              	GLOBAL_CAN_Init:
  38 0000 10B5     	 push {r4,lr}
  39 0002 437A     	 ldrb r3,[r0,#9]
  40 0004 002B     	 cmp r3,#0
  41 0006 07D1     	 bne .L5
  42 0008 041C     	 mov r4,r0
  43 000a 017A     	 ldrb r1,[r0,#8]
  44 000c 2268     	 ldr r2,[r4]
  45 000e 4068     	 ldr r0,[r0,#4]
  46 0010 FFF7FEFF 	 bl XMC_CAN_InitEx
  47 0014 0123     	 mov r3,#1
  48 0016 6372     	 strb r3,[r4,#9]
  49              	.L5:
  50 0018 0020     	 mov r0,#0
  51              	 
  52 001a 10BD     	 pop {r4,pc}
  54              	 .ident "GCC: (GNU Tools for ARM Embedded Processors) 4.9.3 20141119 (release) [ARM/embedded-4_9-branch revision 218278]"
DEFINED SYMBOLS
                            *ABS*:00000000 global_can.c
    {standard input}:15     .text.GLOBAL_CAN_GetAppVersion:00000000 $t
    {standard input}:20     .text.GLOBAL_CAN_GetAppVersion:00000000 GLOBAL_CAN_GetAppVersion
    {standard input}:29     .text.GLOBAL_CAN_GetAppVersion:00000008 $d
    {standard input}:32     .text.GLOBAL_CAN_Init:00000000 $t
    {standard input}:37     .text.GLOBAL_CAN_Init:00000000 GLOBAL_CAN_Init

UNDEFINED SYMBOLS
XMC_CAN_InitEx
