   1              	 .cpu cortex-m0
   2              	 .fpu softvfp
   3              	 .eabi_attribute 20,1
   4              	 .eabi_attribute 21,1
   5              	 .eabi_attribute 23,3
   6              	 .eabi_attribute 24,1
   7              	 .eabi_attribute 25,1
   8              	 .eabi_attribute 26,1
   9              	 .eabi_attribute 30,4
  10              	 .eabi_attribute 34,0
  11              	 .eabi_attribute 18,4
  12              	 .code 16
  13              	 .file "DAVE.c"
  14              	 .section .text.DAVE_Init,"ax",%progbits
  15              	 .align 1
  16              	 .weak DAVE_Init
  17              	 .code 16
  18              	 .thumb_func
  20              	DAVE_Init:
  21 0000 08B5     	 push {r3,lr}
  22 0002 3148     	 ldr r0,.L21
  23 0004 FFF7FEFF 	 bl CLOCK_XMC1_Init
  24 0008 0028     	 cmp r0,#0
  25 000a 5CD1     	 bne .L19
  26 000c 2F48     	 ldr r0,.L21+4
  27 000e FFF7FEFF 	 bl UART_Init
  28 0012 0028     	 cmp r0,#0
  29 0014 57D1     	 bne .L19
  30 0016 2E48     	 ldr r0,.L21+8
  31 0018 FFF7FEFF 	 bl CAN_NODE_Init
  32 001c 0028     	 cmp r0,#0
  33 001e 52D1     	 bne .L19
  34 0020 2C48     	 ldr r0,.L21+12
  35 0022 FFF7FEFF 	 bl INTERRUPT_Init
  36 0026 0028     	 cmp r0,#0
  37 0028 4DD1     	 bne .L19
  38 002a 2B48     	 ldr r0,.L21+16
  39 002c FFF7FEFF 	 bl DIGITAL_IO_Init
  40 0030 0028     	 cmp r0,#0
  41 0032 48D1     	 bne .L19
  42 0034 2948     	 ldr r0,.L21+20
  43 0036 FFF7FEFF 	 bl DIGITAL_IO_Init
  44 003a 0028     	 cmp r0,#0
  45 003c 43D1     	 bne .L19
  46 003e 2848     	 ldr r0,.L21+24
  47 0040 FFF7FEFF 	 bl DIGITAL_IO_Init
  48 0044 0028     	 cmp r0,#0
  49 0046 3ED1     	 bne .L19
  50 0048 2648     	 ldr r0,.L21+28
  51 004a FFF7FEFF 	 bl DIGITAL_IO_Init
  52 004e 0028     	 cmp r0,#0
  53 0050 39D1     	 bne .L19
  54 0052 2548     	 ldr r0,.L21+32
  55 0054 FFF7FEFF 	 bl TIMER_Init
  56 0058 0028     	 cmp r0,#0
  57 005a 34D1     	 bne .L19
  58 005c 2348     	 ldr r0,.L21+36
  59 005e FFF7FEFF 	 bl DIGITAL_IO_Init
  60 0062 0028     	 cmp r0,#0
  61 0064 2FD1     	 bne .L19
  62 0066 2248     	 ldr r0,.L21+40
  63 0068 FFF7FEFF 	 bl INTERRUPT_Init
  64 006c 0028     	 cmp r0,#0
  65 006e 2AD1     	 bne .L19
  66 0070 2048     	 ldr r0,.L21+44
  67 0072 FFF7FEFF 	 bl DIGITAL_IO_Init
  68 0076 0028     	 cmp r0,#0
  69 0078 25D1     	 bne .L19
  70 007a 1F48     	 ldr r0,.L21+48
  71 007c FFF7FEFF 	 bl DIGITAL_IO_Init
  72 0080 0028     	 cmp r0,#0
  73 0082 20D1     	 bne .L19
  74 0084 1D48     	 ldr r0,.L21+52
  75 0086 FFF7FEFF 	 bl DIGITAL_IO_Init
  76 008a 0028     	 cmp r0,#0
  77 008c 1BD1     	 bne .L19
  78 008e 1C48     	 ldr r0,.L21+56
  79 0090 FFF7FEFF 	 bl INTERRUPT_Init
  80 0094 0028     	 cmp r0,#0
  81 0096 16D1     	 bne .L19
  82 0098 1A48     	 ldr r0,.L21+60
  83 009a FFF7FEFF 	 bl INTERRUPT_Init
  84 009e 0028     	 cmp r0,#0
  85 00a0 11D1     	 bne .L19
  86 00a2 1948     	 ldr r0,.L21+64
  87 00a4 FFF7FEFF 	 bl SPI_SLAVE_Init
  88 00a8 0028     	 cmp r0,#0
  89 00aa 0CD1     	 bne .L19
  90 00ac 1748     	 ldr r0,.L21+68
  91 00ae FFF7FEFF 	 bl INTERRUPT_Init
  92 00b2 0028     	 cmp r0,#0
  93 00b4 07D1     	 bne .L19
  94 00b6 1648     	 ldr r0,.L21+72
  95 00b8 FFF7FEFF 	 bl TIMER_Init
  96 00bc 0028     	 cmp r0,#0
  97 00be 02D1     	 bne .L19
  98 00c0 1448     	 ldr r0,.L21+76
  99 00c2 FFF7FEFF 	 bl INTERRUPT_Init
 100              	.L19:
 101              	 
 102 00c6 08BD     	 pop {r3,pc}
 103              	.L22:
 104              	 .align 2
 105              	.L21:
 106 00c8 00000000 	 .word CLOCK_XMC1_0
 107 00cc 00000000 	 .word UART_0
 108 00d0 00000000 	 .word CAN_NODE_0
 109 00d4 00000000 	 .word INTERRUPT_0
 110 00d8 00000000 	 .word DIGITAL_IO_0
 111 00dc 00000000 	 .word DIGITAL_IO_1
 112 00e0 00000000 	 .word DIGITAL_IO_2
 113 00e4 00000000 	 .word DIGITAL_IO_3
 114 00e8 00000000 	 .word TIMER_0
 115 00ec 00000000 	 .word DIGITAL_IO_4
 116 00f0 00000000 	 .word INTERRUPT_1
 117 00f4 00000000 	 .word DIGITAL_IO_5
 118 00f8 00000000 	 .word DIGITAL_IO_6
 119 00fc 00000000 	 .word DIGITAL_IO_7
 120 0100 00000000 	 .word INTERRUPT_2
 121 0104 00000000 	 .word INTERRUPT_3
 122 0108 00000000 	 .word SPI_SLAVE_0
 123 010c 00000000 	 .word INTERRUPT_4
 124 0110 00000000 	 .word TIMER_1
 125 0114 00000000 	 .word INTERRUPT_5
 127              	 .ident "GCC: (GNU Tools for ARM Embedded Processors) 4.9.3 20141119 (release) [ARM/embedded-4_9-branch revision 218278]"
DEFINED SYMBOLS
                            *ABS*:00000000 DAVE.c
    {standard input}:15     .text.DAVE_Init:00000000 $t
    {standard input}:20     .text.DAVE_Init:00000000 DAVE_Init
    {standard input}:106    .text.DAVE_Init:000000c8 $d

UNDEFINED SYMBOLS
CLOCK_XMC1_Init
UART_Init
CAN_NODE_Init
INTERRUPT_Init
DIGITAL_IO_Init
TIMER_Init
SPI_SLAVE_Init
CLOCK_XMC1_0
UART_0
CAN_NODE_0
INTERRUPT_0
DIGITAL_IO_0
DIGITAL_IO_1
DIGITAL_IO_2
DIGITAL_IO_3
TIMER_0
DIGITAL_IO_4
INTERRUPT_1
DIGITAL_IO_5
DIGITAL_IO_6
DIGITAL_IO_7
INTERRUPT_2
INTERRUPT_3
SPI_SLAVE_0
INTERRUPT_4
TIMER_1
INTERRUPT_5
