   1              	 .cpu cortex-m0
   2              	 .fpu softvfp
   3              	 .eabi_attribute 20,1
   4              	 .eabi_attribute 21,1
   5              	 .eabi_attribute 23,3
   6              	 .eabi_attribute 24,1
   7              	 .eabi_attribute 25,1
   8              	 .eabi_attribute 26,1
   9              	 .eabi_attribute 30,4
  10              	 .eabi_attribute 34,0
  11              	 .eabi_attribute 18,4
  12              	 .code 16
  13              	 .file "interrupt_conf.c"
  14              	 .global INTERRUPT_5
  15              	 .global INTERRUPT_4
  16              	 .global INTERRUPT_3
  17              	 .global INTERRUPT_2
  18              	 .global INTERRUPT_1
  19              	 .global INTERRUPT_0
  20              	 .section .rodata.INTERRUPT_0,"a",%progbits
  21              	 .align 1
  24              	INTERRUPT_0:
  25 0000 0200     	 .short 2
  26 0002 00       	 .byte 0
  27 0003 02       	 .byte 2
  28 0004 01       	 .byte 1
  29 0005 00       	 .space 1
  30              	 .section .rodata.INTERRUPT_1,"a",%progbits
  31              	 .align 1
  34              	INTERRUPT_1:
  35 0000 0200     	 .short 2
  36 0002 03       	 .byte 3
  37 0003 03       	 .byte 3
  38 0004 01       	 .byte 1
  39 0005 00       	 .space 1
  40              	 .section .rodata.INTERRUPT_2,"a",%progbits
  41              	 .align 1
  44              	INTERRUPT_2:
  45 0000 0100     	 .short 1
  46 0002 01       	 .byte 1
  47 0003 03       	 .byte 3
  48 0004 01       	 .byte 1
  49 0005 00       	 .space 1
  50              	 .section .rodata.INTERRUPT_3,"a",%progbits
  51              	 .align 1
  54              	INTERRUPT_3:
  55 0000 0100     	 .short 1
  56 0002 02       	 .byte 2
  57 0003 03       	 .byte 3
  58 0004 01       	 .byte 1
  59 0005 00       	 .space 1
  60              	 .section .rodata.INTERRUPT_4,"a",%progbits
  61              	 .align 1
  64              	INTERRUPT_4:
  65 0000 0100     	 .short 1
  66 0002 15       	 .byte 21
  67 0003 03       	 .byte 3
  68 0004 01       	 .byte 1
  69 0005 00       	 .space 1
  70              	 .section .rodata.INTERRUPT_5,"a",%progbits
  71              	 .align 1
  74              	INTERRUPT_5:
  75 0000 0000     	 .short 0
  76 0002 0A       	 .byte 10
  77 0003 02       	 .byte 2
  78 0004 01       	 .byte 1
  79 0005 00       	 .space 1
  80              	 .ident "GCC: (GNU Tools for ARM Embedded Processors) 4.9.3 20141119 (release) [ARM/embedded-4_9-branch revision 218278]"
DEFINED SYMBOLS
                            *ABS*:00000000 interrupt_conf.c
    {standard input}:74     .rodata.INTERRUPT_5:00000000 INTERRUPT_5
    {standard input}:64     .rodata.INTERRUPT_4:00000000 INTERRUPT_4
    {standard input}:54     .rodata.INTERRUPT_3:00000000 INTERRUPT_3
    {standard input}:44     .rodata.INTERRUPT_2:00000000 INTERRUPT_2
    {standard input}:34     .rodata.INTERRUPT_1:00000000 INTERRUPT_1
    {standard input}:24     .rodata.INTERRUPT_0:00000000 INTERRUPT_0
    {standard input}:21     .rodata.INTERRUPT_0:00000000 $d
    {standard input}:31     .rodata.INTERRUPT_1:00000000 $d
    {standard input}:41     .rodata.INTERRUPT_2:00000000 $d
    {standard input}:51     .rodata.INTERRUPT_3:00000000 $d
    {standard input}:61     .rodata.INTERRUPT_4:00000000 $d
    {standard input}:71     .rodata.INTERRUPT_5:00000000 $d

NO UNDEFINED SYMBOLS
